INFO: [VRFC 10-2263] Analyzing Verilog file "C:/Users/THUAN/Downloads/shake256/control_path.v" into library xil_defaultlib
INFO: [VRFC 10-311] analyzing module control_path
INFO: [VRFC 10-2263] Analyzing Verilog file "C:/Users/THUAN/Downloads/shake256/data_path.v" into library xil_defaultlib
INFO: [VRFC 10-311] analyzing module data_path
INFO: [VRFC 10-2263] Analyzing Verilog file "C:/Users/THUAN/Downloads/shake256/keccak_top.v" into library xil_defaultlib
INFO: [VRFC 10-311] analyzing module keccak_top
INFO: [VRFC 10-2263] Analyzing Verilog file "C:/Users/THUAN/Downloads/shake256/rc.v" into library xil_defaultlib
INFO: [VRFC 10-311] analyzing module rc
INFO: [VRFC 10-2263] Analyzing Verilog file "C:/Users/THUAN/Downloads/shake256/state_ram.v" into library xil_defaultlib
INFO: [VRFC 10-311] analyzing module state_ram
WARNING: [VRFC 10-634] event expressions must result in a singular type [C:/Users/THUAN/Downloads/shake256/state_ram.v:122]
WARNING: [VRFC 10-634] event expressions must result in a singular type [C:/Users/THUAN/Downloads/shake256/state_ram.v:228]
WARNING: [VRFC 10-634] event expressions must result in a singular type [C:/Users/THUAN/Downloads/shake256/state_ram.v:278]
WARNING: [VRFC 10-634] event expressions must result in a singular type [C:/Users/THUAN/Downloads/shake256/state_ram.v:379]
INFO: [VRFC 10-2263] Analyzing Verilog file "C:/Users/THUAN/Downloads/shake256/stateram_inference.v" into library xil_defaultlib
INFO: [VRFC 10-311] analyzing module stateram_inference
INFO: [VRFC 10-2263] Analyzing Verilog file "C:/Users/THUAN/Downloads/shake256/transform.v" into library xil_defaultlib
INFO: [VRFC 10-311] analyzing module transform
INFO: [VRFC 10-2263] Analyzing Verilog file "C:/Users/THUAN/Downloads/shake256/tb.v" into library xil_defaultlib
INFO: [VRFC 10-311] analyzing module cshake_tb
