Vivado Simulator v2022.2
Copyright 1986-1999, 2001-2022 Xilinx, Inc. All Rights Reserved.
Running: D:/Apps/Xilinx/Vivado/2022.2/bin/unwrapped/win64.o/xelab.exe --incr --debug typical --relax --mt 2 -L xil_defaultlib -L unisims_ver -L unimacro_ver -L secureip --snapshot decap_tb_behav xil_defaultlib.decap_tb xil_defaultlib.glbl -log elaborate.log 
Using 2 slave threads.
Starting static elaboration
Pass Through NonSizing Optimizer
WARNING: [VRFC 10-3091] actual bit length 8 differs from formal bit length 9 for port 'u_addr_0' [C:/Users/THUAN/Downloads/decap/decap_tb.v:215]
WARNING: [VRFC 10-3091] actual bit length 8 differs from formal bit length 9 for port 'u_addr_1' [C:/Users/THUAN/Downloads/decap/decap_tb.v:216]
WARNING: [VRFC 10-3091] actual bit length 8 differs from formal bit length 9 for port 'v_addr_0' [C:/Users/THUAN/Downloads/decap/decap_tb.v:220]
WARNING: [VRFC 10-3091] actual bit length 8 differs from formal bit length 9 for port 'v_addr_1' [C:/Users/THUAN/Downloads/decap/decap_tb.v:221]
WARNING: [VRFC 10-3091] actual bit length 32 differs from formal bit length 128 for port 'decap_out' [C:/Users/THUAN/Downloads/decap/decap_tb.v:226]
WARNING: [VRFC 10-3091] actual bit length 32 differs from formal bit length 1 for port 'dout_ready_i' [C:/Users/THUAN/Downloads/decap/hqc_rmdecod_top.v:81]
WARNING: [VRFC 10-3091] actual bit length 32 differs from formal bit length 1 for port 'start' [C:/Users/THUAN/Downloads/decap/hqc_rsdecod_elp.v:92]
WARNING: [VRFC 10-3091] actual bit length 32 differs from formal bit length 1 for port 'start' [C:/Users/THUAN/Downloads/decap/hqc_rsdecod_elp.v:156]
WARNING: [VRFC 10-3091] actual bit length 32 differs from formal bit length 1 for port 'start' [C:/Users/THUAN/Downloads/decap/hqc_rsdecod_zpoly.v:101]
WARNING: [VRFC 10-3091] actual bit length 8 differs from formal bit length 32 for port 'dout_o' [C:/Users/THUAN/Downloads/decap/add_fft.v:81]
WARNING: [VRFC 10-3091] actual bit length 32 differs from formal bit length 1 for port 'start' [C:/Users/THUAN/Downloads/decap/fft_part1.v:143]
WARNING: [VRFC 10-3091] actual bit length 32 differs from formal bit length 1 for port 'start' [C:/Users/THUAN/Downloads/decap/fft_leaves_butterfly.v:70]
WARNING: [VRFC 10-3091] actual bit length 32 differs from formal bit length 1 for port 'start' [C:/Users/THUAN/Downloads/decap/fft_part2.v:147]
WARNING: [VRFC 10-3091] actual bit length 32 differs from formal bit length 1 for port 'start' [C:/Users/THUAN/Downloads/decap/hqc_rsdecod_err_val.v:176]
WARNING: [VRFC 10-3091] actual bit length 32 differs from formal bit length 1 for port 'start' [C:/Users/THUAN/Downloads/decap/hqc_rsdecod_err_val.v:187]
WARNING: [VRFC 10-3091] actual bit length 32 differs from formal bit length 2 for port 'encap_out_type' [C:/Users/THUAN/Downloads/decap/decap.v:526]
WARNING: [VRFC 10-3091] actual bit length 32 differs from formal bit length 1 for port 'encap_out_en' [C:/Users/THUAN/Downloads/decap/decap.v:528]
WARNING: [VRFC 10-3091] actual bit length 40 differs from formal bit length 8 for port 'encap_out_addr' [C:/Users/THUAN/Downloads/decap/decap.v:529]
WARNING: [VRFC 10-3091] actual bit length 368 differs from formal bit length 240 for port 'cdw_in' [C:/Users/THUAN/Downloads/decap/reed_solomon_encode.v:121]
WARNING: [VRFC 10-3091] actual bit length 32 differs from formal bit length 1 for port 'start' [C:/Users/THUAN/Downloads/decap/reed_solomon_encode.v:108]
WARNING: [VRFC 10-3091] actual bit length 32 differs from formal bit length 1 for port 'start' [C:/Users/THUAN/Downloads/decap/reed_muller_encode.v:80]
WARNING: [VRFC 10-3091] actual bit length 32 differs from formal bit length 1 for port 'wr_en' [C:/Users/THUAN/Downloads/decap/encrypt.v:383]
WARNING: [VRFC 10-3091] actual bit length 7 differs from formal bit length 16 for port 'loc_addr' [C:/Users/THUAN/Downloads/decap/encrypt.v:466]
WARNING: [VRFC 10-3091] actual bit length 32 differs from formal bit length 8 for port 'weight' [C:/Users/THUAN/Downloads/decap/encrypt.v:468]
WARNING: [VRFC 10-3091] actual bit length 32 differs from formal bit length 1 for port 'add_wr_en' [C:/Users/THUAN/Downloads/decap/encrypt.v:483]
WARNING: [VRFC 10-3091] actual bit length 9 differs from formal bit length 8 for port 'address_0' [C:/Users/THUAN/Downloads/decap/poly_mult.v:230]
WARNING: [VRFC 10-3091] actual bit length 9 differs from formal bit length 8 for port 'address_1' [C:/Users/THUAN/Downloads/decap/poly_mult.v:231]
WARNING: [VRFC 10-3091] actual bit length 32 differs from formal bit length 24 for port 'data_1' [C:/Users/THUAN/Downloads/decap/fixed_weight_ct.v:242]
WARNING: [VRFC 10-3091] actual bit length 32 differs from formal bit length 1 for port 'wren_1' [C:/Users/THUAN/Downloads/decap/fixed_weight_ct.v:246]
WARNING: [VRFC 10-3091] actual bit length 32 differs from formal bit length 128 for port 'data_0' [C:/Users/THUAN/Downloads/decap/decap_tb.v:361]
WARNING: [VRFC 10-3091] actual bit length 32 differs from formal bit length 128 for port 'data_1' [C:/Users/THUAN/Downloads/decap/decap_tb.v:362]
WARNING: [VRFC 10-3091] actual bit length 9 differs from formal bit length 8 for port 'address_0' [C:/Users/THUAN/Downloads/decap/decap_tb.v:363]
WARNING: [VRFC 10-3091] actual bit length 9 differs from formal bit length 8 for port 'address_1' [C:/Users/THUAN/Downloads/decap/decap_tb.v:364]
WARNING: [VRFC 10-3091] actual bit length 32 differs from formal bit length 1 for port 'wren_0' [C:/Users/THUAN/Downloads/decap/decap_tb.v:365]
WARNING: [VRFC 10-3091] actual bit length 32 differs from formal bit length 1 for port 'wren_1' [C:/Users/THUAN/Downloads/decap/decap_tb.v:366]
WARNING: [VRFC 10-3091] actual bit length 32 differs from formal bit length 128 for port 'data_0' [C:/Users/THUAN/Downloads/decap/decap_tb.v:375]
WARNING: [VRFC 10-3091] actual bit length 32 differs from formal bit length 128 for port 'data_1' [C:/Users/THUAN/Downloads/decap/decap_tb.v:376]
WARNING: [VRFC 10-3091] actual bit length 9 differs from formal bit length 8 for port 'address_0' [C:/Users/THUAN/Downloads/decap/decap_tb.v:377]
WARNING: [VRFC 10-3091] actual bit length 9 differs from formal bit length 8 for port 'address_1' [C:/Users/THUAN/Downloads/decap/decap_tb.v:378]
WARNING: [VRFC 10-3091] actual bit length 32 differs from formal bit length 1 for port 'wren_0' [C:/Users/THUAN/Downloads/decap/decap_tb.v:379]
WARNING: [VRFC 10-3091] actual bit length 32 differs from formal bit length 1 for port 'wren_1' [C:/Users/THUAN/Downloads/decap/decap_tb.v:380]
WARNING: [VRFC 10-3091] actual bit length 32 differs from formal bit length 128 for port 'data_0' [C:/Users/THUAN/Downloads/decap/decap_tb.v:409]
WARNING: [VRFC 10-3091] actual bit length 32 differs from formal bit length 128 for port 'data_1' [C:/Users/THUAN/Downloads/decap/decap_tb.v:410]
WARNING: [VRFC 10-3091] actual bit length 32 differs from formal bit length 1 for port 'wren_0' [C:/Users/THUAN/Downloads/decap/decap_tb.v:413]
WARNING: [VRFC 10-3091] actual bit length 32 differs from formal bit length 1 for port 'wren_1' [C:/Users/THUAN/Downloads/decap/decap_tb.v:414]
WARNING: [VRFC 10-3091] actual bit length 32 differs from formal bit length 128 for port 'data_0' [C:/Users/THUAN/Downloads/decap/decap_tb.v:421]
WARNING: [VRFC 10-3091] actual bit length 32 differs from formal bit length 128 for port 'data_1' [C:/Users/THUAN/Downloads/decap/decap_tb.v:422]
WARNING: [VRFC 10-3091] actual bit length 32 differs from formal bit length 1 for port 'wren_0' [C:/Users/THUAN/Downloads/decap/decap_tb.v:425]
WARNING: [VRFC 10-3091] actual bit length 32 differs from formal bit length 1 for port 'wren_1' [C:/Users/THUAN/Downloads/decap/decap_tb.v:426]
WARNING: [VRFC 10-3091] actual bit length 32 differs from formal bit length 1 for port 'wr_en' [C:/Users/THUAN/Downloads/decap/decap_tb.v:440]
WARNING: [VRFC 10-3091] actual bit length 32 differs from formal bit length 15 for port 'data' [C:/Users/THUAN/Downloads/decap/decap_tb.v:452]
WARNING: [VRFC 10-3091] actual bit length 32 differs from formal bit length 1 for port 'wr_en' [C:/Users/THUAN/Downloads/decap/decap_tb.v:454]
WARNING: [VRFC 10-8864] concatenation with an unsized literal will be treated as 32 bits [C:/Users/THUAN/Downloads/decap/decap.v:529]
WARNING: [VRFC 10-5021] port 'shake_force_done_ack' is not connected on this instance [C:/Users/THUAN/Downloads/decap/decap.v:500]
WARNING: [VRFC 10-8864] concatenation with an unsized literal will be treated as 32 bits [C:/Users/THUAN/Downloads/decap/encap.v:246]
WARNING: [VRFC 10-8864] concatenation with an unsized literal will be treated as 32 bits [C:/Users/THUAN/Downloads/decap/encap.v:247]
WARNING: [VRFC 10-8864] concatenation with an unsized literal will be treated as 32 bits [C:/Users/THUAN/Downloads/decap/encap.v:544]
WARNING: [VRFC 10-5021] port 'rst' is not connected on this instance [C:/Users/THUAN/Downloads/decap/reed_muller_encode.v:77]
Completed static elaboration
INFO: [XSIM 43-4323] No Change in HDL. Linking previously generated obj files to create kernel
